Logging to state/logs/20260407-211035
Fiction Pipeline starting at 2026-04-07T21:10:35Z
Project dir: /home/ahart/Documents/book-criteria
Log dir: state/logs/20260407-211035
Pipeline log: state/pipeline-20260407-211035.log
=== Phase 0: Premise Brainstorming ===
  Idea 1 already exists (12940 bytes), skipping.
  Idea 2 already exists (18289 bytes), skipping.
  Idea 3 already exists (16894 bytes), skipping.
  Idea 4 already exists (15620 bytes), skipping.
  Idea 5 already exists (19134 bytes), skipping.
  Idea 6 already exists (14317 bytes), skipping.
  Idea 7 already exists (18593 bytes), skipping.
  Idea 8 already exists (19081 bytes), skipping.
  Idea 9 already exists (19937 bytes), skipping.
  Idea 10 already exists (16670 bytes), skipping.
10 of 10 premise ideas ready.
Synthesizing premise...
    [log] synthesize-premise (464s)
Synthesized premise written to output/synthesized-premise.md
=== Phase 1: Novel Planning ===
Creating novel plan...
    [log] plan-novel (240s)
Auditing novel plan...
Audit round 1 for novel-plan
  Auditing: Overall Arc and Structural Design
